<?xml version="1.0" encoding="UTF-8"?>
<!-- Generated by org.testng.reporters.JUnitReportReporter -->
<testsuite hostname="DESKTOP-TAIO5AR" failures="0" tests="2" name="loginTest.LoginPageTest" time="73.947" errors="0" timestamp="2021-12-24T20:48:49 IST" skipped="0">
  <testcase classname="loginTest.LoginPageTest" name="testCase2" time="8.547"/>
  <system-out/>
  <testcase classname="loginTest.LoginPageTest" name="testCase1" time="65.400"/>
  <system-out/>
</testsuite> <!-- loginTest.LoginPageTest -->
